{
  "RSpec": {
    "coverage": {
      "/home/artificial-composition-7121/tic-tac-toe-rb-ruby-intro-000/lib/tic_tac_toe.rb": [
        null,
        null,
        null,
        1,
        null,
        null,
        null,
        null,
        null,
        null,
        null,
        null,
        null,
        1,
        null,
        1,
        5,
        5,
        5,
        5,
        5,
        null,
        null,
        1,
        3,
        null,
        null,
        1,
        3,
        null,
        null,
        1,
        1,
        0,
        null,
        1,
        null,
        null
      ]
    },
    "timestamp": 1592928761
  }
}
